This is pdfTeX, Version 3.14159265-2.6-1.40.20 (MiKTeX 2.9.7000 64-bit) (preloaded format=pdflatex 2019.4.30)  15 AUG 2019 13:48
entering extended mode
**"./Informe TP01 - Grupo 4.tex"
("Informe TP01 - Grupo 4.tex"
LaTeX2e <2018-12-01>
(preamble.tex ("C:\Program Files\MiKTeX 2.9\tex/latex/base\article.cls"
Document Class: article 2018/09/03 v1.4i Standard LaTeX document class
("C:\Program Files\MiKTeX 2.9\tex/latex/base\size10.clo"
File: size10.clo 2018/09/03 v1.4i Standard LaTeX file (size option)
)
\c@part=\count80
\c@section=\count81
\c@subsection=\count82
\c@subsubsection=\count83
\c@paragraph=\count84
\c@subparagraph=\count85
\c@figure=\count86
\c@table=\count87
\abovecaptionskip=\skip41
\belowcaptionskip=\skip42
\bibindent=\dimen102
)
("C:\Program Files\MiKTeX 2.9\tex/latex/base\inputenc.sty"
Package: inputenc 2018/08/11 v1.3c Input encoding file
\inpenc@prehook=\toks14
\inpenc@posthook=\toks15
)
("C:\Program Files\MiKTeX 2.9\tex/generic/babel\babel.sty"
Package: babel 2019/04/03 3.29 The Babel package

("C:\Program Files\MiKTeX 2.9\tex/generic/babel\switch.def"
File: switch.def 2019/04/03 3.29 Babel switching mechanism
)
*************************************
* Local config file bblopts.cfg used
*
("C:\Program Files\MiKTeX 2.9\tex/latex/arabi\bblopts.cfg"
File: bblopts.cfg 2005/09/08 v0.1 add Arabic and Farsi to "declared" options of
 babel
)
("C:\Program Files\MiKTeX 2.9\tex/latex/babel-spanish\spanish.ldf"
Language: spanish.ldf 2016/03/03 v5.0p Spanish support from the babel system

("C:\Program Files\MiKTeX 2.9\tex/generic/babel\babel.def"
File: babel.def 2019/04/03 3.29 Babel common definitions
\babel@savecnt=\count88
\U@D=\dimen103

("C:\Program Files\MiKTeX 2.9\tex/generic/babel\txtbabel.def")
\bbl@dirlevel=\count89
)
\es@quottoks=\toks16
\es@quotdepth=\count90
Package babel Info: Making " an active character on input line 561.
Package babel Info: Making . an active character on input line 662.
Package babel Info: Making < an active character on input line 707.
Package babel Info: Making > an active character on input line 707.
))
("C:\Program Files\MiKTeX 2.9\tex/latex/amsmath\amsmath.sty"
Package: amsmath 2018/12/01 v2.17b AMS math features
\@mathmargin=\skip43

For additional information on amsmath, use the `?' option.
("C:\Program Files\MiKTeX 2.9\tex/latex/amsmath\amstext.sty"
Package: amstext 2000/06/29 v2.01 AMS text

("C:\Program Files\MiKTeX 2.9\tex/latex/amsmath\amsgen.sty"
File: amsgen.sty 1999/11/30 v2.0 generic functions
\@emptytoks=\toks17
\ex@=\dimen104
))
("C:\Program Files\MiKTeX 2.9\tex/latex/amsmath\amsbsy.sty"
Package: amsbsy 1999/11/29 v1.2d Bold Symbols
\pmbraise@=\dimen105
)
("C:\Program Files\MiKTeX 2.9\tex/latex/amsmath\amsopn.sty"
Package: amsopn 2016/03/08 v2.02 operator names
)
\inf@bad=\count91
LaTeX Info: Redefining \frac on input line 223.
\uproot@=\count92
\leftroot@=\count93
LaTeX Info: Redefining \overline on input line 385.
\classnum@=\count94
\DOTSCASE@=\count95
LaTeX Info: Redefining \ldots on input line 482.
LaTeX Info: Redefining \dots on input line 485.
LaTeX Info: Redefining \cdots on input line 606.
\Mathstrutbox@=\box27
\strutbox@=\box28
\big@size=\dimen106
LaTeX Font Info:    Redeclaring font encoding OML on input line 729.
LaTeX Font Info:    Redeclaring font encoding OMS on input line 730.
\macc@depth=\count96
\c@MaxMatrixCols=\count97
\dotsspace@=\muskip10
\c@parentequation=\count98
\dspbrk@lvl=\count99
\tag@help=\toks18
\row@=\count100
\column@=\count101
\maxfields@=\count102
\andhelp@=\toks19
\eqnshift@=\dimen107
\alignsep@=\dimen108
\tagshift@=\dimen109
\tagwidth@=\dimen110
\totwidth@=\dimen111
\lineht@=\dimen112
\@envbody=\toks20
\multlinegap=\skip44
\multlinetaggap=\skip45
\mathdisplay@stack=\toks21
LaTeX Info: Redefining \[ on input line 2844.
LaTeX Info: Redefining \] on input line 2845.
)
("C:\Program Files\MiKTeX 2.9\tex/latex/amsfonts\amsfonts.sty"
Package: amsfonts 2013/01/14 v3.01 Basic AMSFonts support
\symAMSa=\mathgroup4
\symAMSb=\mathgroup5
LaTeX Font Info:    Overwriting math alphabet `\mathfrak' in version `bold'
(Font)                  U/euf/m/n --> U/euf/b/n on input line 106.
)
("C:\Program Files\MiKTeX 2.9\tex/latex/amsfonts\amssymb.sty"
Package: amssymb 2013/01/14 v3.01 AMS font symbols
)
("C:\Program Files\MiKTeX 2.9\tex/latex/float\float.sty"
Package: float 2001/11/08 v1.3d Float enhancements (AL)
\c@float@type=\count103
\float@exts=\toks22
\float@box=\box29
\@float@everytoks=\toks23
\@floatcapt=\box30
)
("C:\Program Files\MiKTeX 2.9\tex/latex/graphics\graphicx.sty"
Package: graphicx 2017/06/01 v1.1a Enhanced LaTeX Graphics (DPC,SPQR)

("C:\Program Files\MiKTeX 2.9\tex/latex/graphics\keyval.sty"
Package: keyval 2014/10/28 v1.15 key=value parser (DPC)
\KV@toks@=\toks24
)
("C:\Program Files\MiKTeX 2.9\tex/latex/graphics\graphics.sty"
Package: graphics 2017/06/25 v1.2c Standard LaTeX Graphics (DPC,SPQR)

("C:\Program Files\MiKTeX 2.9\tex/latex/graphics\trig.sty"
Package: trig 2016/01/03 v1.10 sin cos tan (DPC)
)
("C:\Program Files\MiKTeX 2.9\tex/latex/graphics-cfg\graphics.cfg"
File: graphics.cfg 2016/06/04 v1.11 sample graphics configuration
)
Package graphics Info: Driver file: pdftex.def on input line 99.

("C:\Program Files\MiKTeX 2.9\tex/latex/graphics-def\pdftex.def"
File: pdftex.def 2018/01/08 v1.0l Graphics/color driver for pdftex
))
\Gin@req@height=\dimen113
\Gin@req@width=\dimen114
)
("C:\Program Files\MiKTeX 2.9\tex/latex/geometry\geometry.sty"
Package: geometry 2018/04/16 v5.8 Page Geometry

("C:\Program Files\MiKTeX 2.9\tex/generic/oberdiek\ifpdf.sty"
Package: ifpdf 2018/09/07 v3.3 Provides the ifpdf switch
)
("C:\Program Files\MiKTeX 2.9\tex/generic/oberdiek\ifvtex.sty"
Package: ifvtex 2016/05/16 v1.6 Detect VTeX and its facilities (HO)
Package ifvtex Info: VTeX not detected.
)
("C:\Program Files\MiKTeX 2.9\tex/generic/ifxetex\ifxetex.sty"
Package: ifxetex 2010/09/12 v0.6 Provides ifxetex conditional
)
\Gm@cnth=\count104
\Gm@cntv=\count105
\c@Gm@tempcnt=\count106
\Gm@bindingoffset=\dimen115
\Gm@wd@mp=\dimen116
\Gm@odd@mp=\dimen117
\Gm@even@mp=\dimen118
\Gm@layoutwidth=\dimen119
\Gm@layoutheight=\dimen120
\Gm@layouthoffset=\dimen121
\Gm@layoutvoffset=\dimen122
\Gm@dimlist=\toks25

("C:\Program Files\MiKTeX 2.9\tex/latex/geometry\geometry.cfg")))
("Informe TP01 - Grupo 4.aux"
No file ../Ex2/Ex2.aux.
)
\openout1 = `"Informe TP01 - Grupo 4.aux"'.

LaTeX Font Info:    Checking defaults for OML/cmm/m/it on input line 3.
LaTeX Font Info:    ... okay on input line 3.
LaTeX Font Info:    Checking defaults for T1/cmr/m/n on input line 3.
LaTeX Font Info:    ... okay on input line 3.
LaTeX Font Info:    Checking defaults for OT1/cmr/m/n on input line 3.
LaTeX Font Info:    ... okay on input line 3.
LaTeX Font Info:    Checking defaults for OMS/cmsy/m/n on input line 3.
LaTeX Font Info:    ... okay on input line 3.
LaTeX Font Info:    Checking defaults for OMX/cmex/m/n on input line 3.
LaTeX Font Info:    ... okay on input line 3.
LaTeX Font Info:    Checking defaults for U/cmr/m/n on input line 3.
LaTeX Font Info:    ... okay on input line 3.
LaTeX Info: Redefining \. on input line 3.
LaTeX Info: Redefining \% on input line 3.
 ("C:\Program Files\MiKTeX 2.9\tex/context/base/mkii\supp-pdf.mkii"
[Loading MPS to PDF converter (version 2006.09.02).]
\scratchcounter=\count107
\scratchdimen=\dimen123
\scratchbox=\box31
\nofMPsegments=\count108
\nofMParguments=\count109
\everyMPshowfont=\toks26
\MPscratchCnt=\count110
\MPscratchDim=\dimen124
\MPnumerator=\count111
\makeMPintoPDFobject=\count112
\everyMPtoPDFconversion=\toks27
) ("C:\Program Files\MiKTeX 2.9\tex/latex/oberdiek\epstopdf-base.sty"
Package: epstopdf-base 2016/05/15 v2.6 Base part for package epstopdf

("C:\Program Files\MiKTeX 2.9\tex/generic/oberdiek\infwarerr.sty"
Package: infwarerr 2016/05/16 v1.4 Providing info/warning/error messages (HO)
)
("C:\Program Files\MiKTeX 2.9\tex/latex/oberdiek\grfext.sty"
Package: grfext 2016/05/16 v1.2 Manage graphics extensions (HO)

("C:\Program Files\MiKTeX 2.9\tex/generic/oberdiek\kvdefinekeys.sty"
Package: kvdefinekeys 2016/05/16 v1.4 Define keys (HO)

("C:\Program Files\MiKTeX 2.9\tex/generic/oberdiek\ltxcmds.sty"
Package: ltxcmds 2016/05/16 v1.23 LaTeX kernel commands for general use (HO)
)))
("C:\Program Files\MiKTeX 2.9\tex/latex/oberdiek\kvoptions.sty"
Package: kvoptions 2016/05/16 v3.12 Key value format for package options (HO)

("C:\Program Files\MiKTeX 2.9\tex/generic/oberdiek\kvsetkeys.sty"
Package: kvsetkeys 2016/05/16 v1.17 Key value parser (HO)

("C:\Program Files\MiKTeX 2.9\tex/generic/oberdiek\etexcmds.sty"
Package: etexcmds 2016/05/16 v1.6 Avoid name clashes with e-TeX commands (HO)

("C:\Program Files\MiKTeX 2.9\tex/generic/oberdiek\ifluatex.sty"
Package: ifluatex 2016/05/16 v1.4 Provides the ifluatex switch (HO)
Package ifluatex Info: LuaTeX not detected.
))))
("C:\Program Files\MiKTeX 2.9\tex/generic/oberdiek\pdftexcmds.sty"
Package: pdftexcmds 2018/09/10 v0.29 Utility functions of pdfTeX for LuaTeX (HO
)
Package pdftexcmds Info: LuaTeX not detected.
Package pdftexcmds Info: \pdf@primitive is available.
Package pdftexcmds Info: \pdf@ifprimitive is available.
Package pdftexcmds Info: \pdfdraftmode found.
)
Package epstopdf-base Info: Redefining graphics rule for `.eps' on input line 4
38.
Package grfext Info: Graphics extension search list:
(grfext)             [.pdf,.png,.jpg,.mps,.jpeg,.jbig2,.jb2,.PDF,.PNG,.JPG,.JPE
G,.JBIG2,.JB2,.eps]
(grfext)             \AppendGraphicsExtensions on input line 456.
)
*geometry* driver: auto-detecting
*geometry* detected driver: pdftex
*geometry* verbose mode - [ preamble ] result:
* driver: pdftex
* paper: a4paper
* layout: <same size as paper>
* layoutoffset:(h,v)=(0.0pt,0.0pt)
* modes: 
* h-part:(L,W,R)=(56.9055pt, 483.69687pt, 56.9055pt)
* v-part:(T,H,B)=(56.9055pt, 731.23584pt, 56.9055pt)
* \paperwidth=597.50787pt
* \paperheight=845.04684pt
* \textwidth=483.69687pt
* \textheight=731.23584pt
* \oddsidemargin=-15.36449pt
* \evensidemargin=-15.36449pt
* \topmargin=-52.36449pt
* \headheight=12.0pt
* \headsep=25.0pt
* \topskip=10.0pt
* \footskip=30.0pt
* \marginparwidth=57.0pt
* \marginparsep=11.0pt
* \columnsep=10.0pt
* \skip\footins=9.0pt plus 4.0pt minus 2.0pt
* \hoffset=0.0pt
* \voffset=0.0pt
* \mag=1000
* \@twocolumnfalse
* \@twosidefalse
* \@mparswitchfalse
* \@reversemarginfalse
* (1in=72.27pt=25.4mm, 1cm=28.453pt)

(Ex2.tex
LaTeX Font Info:    Try loading font information for U+msa on input line 3.
 ("C:\Program Files\MiKTeX 2.9\tex/latex/amsfonts\umsa.fd"
File: umsa.fd 2013/01/14 v3.01 AMS symbols A
)
LaTeX Font Info:    Try loading font information for U+msb on input line 3.

("C:\Program Files\MiKTeX 2.9\tex/latex/amsfonts\umsb.fd"
File: umsb.fd 2013/01/14 v3.01 AMS symbols B
)

LaTeX Warning: Reference `2_1' on page 1 undefined on input line 6.


LaTeX Warning: Reference `2_4' on page 1 undefined on input line 6.


LaTeX Warning: Reference `2_4' on page 1 undefined on input line 14.


LaTeX Warning: Reference `2_5' on page 1 undefined on input line 14.

<resources2/scope_0.png, id=1, 803.0pt x 481.8pt>
File: resources2/scope_0.png Graphic file (type png)
<use resources2/scope_0.png>
Package pdftex.def Info: resources2/scope_0.png  used on input line 18.
(pdftex.def)             Requested size: 321.1943pt x 192.71658pt.
<resources2/MedyPost.png, id=2, 531.1845pt x 266.6763pt>
File: resources2/MedyPost.png Graphic file (type png)
<use resources2/MedyPost.png>
Package pdftex.def Info: resources2/MedyPost.png  used on input line 26.
(pdftex.def)             Requested size: 345.26582pt x 173.33754pt.
<resources2/montecarlo.png, id=4, 486.31688pt x 366.61969pt>
File: resources2/montecarlo.png Graphic file (type png)
<use resources2/montecarlo.png>
Package pdftex.def Info: resources2/montecarlo.png  used on input line 35.
(pdftex.def)             Requested size: 243.15784pt x 183.30939pt.

LaTeX Warning: `h' float specifier changed to `ht'.

[1

{C:/Users/lisan/AppData/Local/MiKTeX/2.9/pdftex/config/pdftex.map} <./resources
2/scope_0.png (PNG copy)> <./resources2/MedyPost.png>]

LaTeX Warning: Reference `eq:2_1' on page 2 undefined on input line 66.


LaTeX Warning: Reference `2_2' on page 2 undefined on input line 70.

<resources2/Square.png, id=18, 578.16pt x 432.6564pt>
File: resources2/Square.png Graphic file (type png)
<use resources2/Square.png>
Package pdftex.def Info: resources2/Square.png  used on input line 88.
(pdftex.def)             Requested size: 202.35902pt x 151.432pt.
<resources2/DiagEspcTeo.png, id=19, 602.25pt x 372.39125pt>
File: resources2/DiagEspcTeo.png Graphic file (type png)
<use resources2/DiagEspcTeo.png>
Package pdftex.def Info: resources2/DiagEspcTeo.png  used on input line 88.
(pdftex.def)             Requested size: 210.79065pt x 130.33888pt.
<resources2/Med_Arm.png, id=20, 602.25pt x 372.39125pt>
File: resources2/Med_Arm.png Graphic file (type png)
<use resources2/Med_Arm.png>
Package pdftex.def Info: resources2/Med_Arm.png  used on input line 97.
(pdftex.def)             Requested size: 240.89572pt x 148.95386pt.

LaTeX Warning: `h' float specifier changed to `ht'.

[2 <./resources2/montecarlo.png> <./resources2/Square.png (PNG copy)> <./resour
ces2/DiagEspcTeo.png>]

LaTeX Warning: Reference `eq:3' on page 3 undefined on input line 125.


LaTeX Warning: Reference `eq:2' on page 3 undefined on input line 125.


LaTeX Warning: Reference `eq:2_3' on page 3 undefined on input line 140.


LaTeX Warning: Reference `2_3' on page 3 undefined on input line 141.

<resources2/out_calc.png, id=30, 578.16pt x 432.6564pt>
File: resources2/out_calc.png Graphic file (type png)
<use resources2/out_calc.png>
Package pdftex.def Info: resources2/out_calc.png  used on input line 156.
(pdftex.def)             Requested size: 289.07928pt x 216.32767pt.

LaTeX Warning: `h' float specifier changed to `ht'.


LaTeX Warning: Reference `eq:2_4' on page 3 undefined on input line 166.


LaTeX Warning: Reference `2_6' on page 3 undefined on input line 184.

<resources2/300k.png, id=31, 803.0pt x 481.8pt>
File: resources2/300k.png Graphic file (type png)
<use resources2/300k.png>
Package pdftex.def Info: resources2/300k.png  used on input line 188.
(pdftex.def)             Requested size: 321.1943pt x 192.71658pt.

LaTeX Warning: `h' float specifier changed to `ht'.

<resources2/sim.png, id=32, 489.32813pt x 297.36093pt>
File: resources2/sim.png Graphic file (type png)
<use resources2/sim.png>
Package pdftex.def Info: resources2/sim.png  used on input line 197.
(pdftex.def)             Requested size: 293.59914pt x 178.41792pt.

LaTeX Warning: `h' float specifier changed to `ht'.

<resources2/640.png, id=33, 803.0pt x 481.8pt>
File: resources2/640.png Graphic file (type png)
<use resources2/640.png>
Package pdftex.def Info: resources2/640.png  used on input line 205.
(pdftex.def)             Requested size: 321.1943pt x 192.71658pt.

LaTeX Warning: `h' float specifier changed to `ht'.

) (parte3.tex [3 <./resources2/Med_Arm.png>] [4 <./resources2/out_calc.png (PNG
 copy)> <./resources2/300k.png (PNG copy)>]
<resources/window.png, id=42, 1872.24469pt x 1041.8925pt>
File: resources/window.png Graphic file (type png)
<use resources/window.png>
Package pdftex.def Info: resources/window.png  used on input line 26.
(pdftex.def)             Requested size: 374.4423pt x 208.3748pt.


LaTeX Warning: Reference `fig:inputControls' on page 5 undefined on input line 
35.

<resources/inputControls.png, id=43, 393.72093pt x 373.395pt>
File: resources/inputControls.png Graphic file (type png)
<use resources/inputControls.png>
Package pdftex.def Info: resources/inputControls.png  used on input line 39.
(pdftex.def)             Requested size: 118.11719pt x 112.01936pt.

LaTeX Warning: Reference `fig:pzgPromt' on page 5 undefined on input line 47.

[5 <./resources2/sim.png> <./resources2/640.png (PNG copy)>]
<resources/pzgPrompt.png, id=47, 434.37282pt x 302.63063pt>
File: resources/pzgPrompt.png Graphic file (type png)
<use resources/pzgPrompt.png>
Package pdftex.def Info: resources/pzgPrompt.png  used on input line 51.
(pdftex.def)             Requested size: 130.31284pt x 90.78989pt.


LaTeX Warning: Reference `fig:numDenPrompt' on page 6 undefined on input line 5
6.

<resources/numDenPrompt.png, id=48, 505.89pt x 237.88875pt>
File: resources/numDenPrompt.png Graphic file (type png)
<use resources/numDenPrompt.png>
Package pdftex.def Info: resources/numDenPrompt.png  used on input line 60.
(pdftex.def)             Requested size: 151.76816pt x 71.36716pt.
[6 <./resources/window.png> <./resources/inputControls.png> <./resources/pzgPro
mpt.png>]

LaTeX Warning: Reference `fig:labesControl' on page 7 undefined on input line 7
5.

<resources/labelsControl.png, id=52, 400.49625pt x 233.37187pt>
File: resources/labelsControl.png Graphic file (type png)
<use resources/labelsControl.png>
Package pdftex.def Info: resources/labelsControl.png  used on input line 79.
(pdftex.def)             Requested size: 120.1498pt x 70.01208pt.

LaTeX Warning: Reference `fig:condensed' on page 7 undefined on input line 85.


LaTeX Warning: Reference `fig:expanded' on page 7 undefined on input line 85.

<resources/condensed.png, id=53, 1882.03125pt x 1178.90437pt>
File: resources/condensed.png Graphic file (type png)
<use resources/condensed.png>
Package pdftex.def Info: resources/condensed.png  used on input line 89.
(pdftex.def)             Requested size: 282.29251pt x 176.82802pt.
<resources/expanded.png, id=54, 1875.25594pt x 1178.90437pt>
File: resources/expanded.png Graphic file (type png)
<use resources/expanded.png>
Package pdftex.def Info: resources/expanded.png  used on input line 96.
(pdftex.def)             Requested size: 281.27626pt x 176.82802pt.

LaTeX Warning: Reference `fig:condExport' on page 7 undefined on input line 105
.


LaTeX Warning: Reference `fig:expExport' on page 7 undefined on input line 105.


[7 <./resources/numDenPrompt.png> <./resources/labelsControl.png> <./resources/
condensed.png>]
<resources/condExport.pdf, id=59, 531.7648pt x 266.97572pt>
File: resources/condExport.pdf Graphic file (type pdf)
<use resources/condExport.pdf>
Package pdftex.def Info: resources/condExport.pdf  used on input line 109.
(pdftex.def)             Requested size: 372.23282pt x 186.88171pt.
<resources/expExport.pdf, id=60, 560.0925pt x 426.39299pt>
File: resources/expExport.pdf Graphic file (type pdf)
<use resources/expExport.pdf>
Package pdftex.def Info: resources/expExport.pdf  used on input line 116.
(pdftex.def)             Requested size: 392.06207pt x 298.47305pt.
) [8 <./resources/expanded.png> <./resources/condExport.pdf>]
[9 <./resources/expExport.pdf>] ("Informe TP01 - Grupo 4.aux"
LaTeX Info: Redefining \. on input line 6.
LaTeX Info: Redefining \% on input line 6.
)

LaTeX Warning: There were undefined references.


LaTeX Warning: Label(s) may have changed. Rerun to get cross-references right.

 ) 
Here is how much of TeX's memory you used:
 3940 strings out of 492902
 54028 string characters out of 3133550
 138122 words of memory out of 3000000
 7762 multiletter control sequences out of 15000+200000
 7203 words of font info for 28 fonts, out of 3000000 for 9000
 1141 hyphenation exceptions out of 8191
 41i,6n,31p,710b,359s stack positions out of 5000i,500n,10000p,200000b,50000s
<C:/Program Files/MiKTeX 2.9/fonts/type1/public/amsfonts/cm/cmbx10.pfb><C:/Pr
ogram Files/MiKTeX 2.9/fonts/type1/public/amsfonts/cm/cmbx12.pfb><C:/Program Fi
les/MiKTeX 2.9/fonts/type1/public/amsfonts/cm/cmex10.pfb><C:/Program Files/MiKT
eX 2.9/fonts/type1/public/amsfonts/cm/cmmi10.pfb><C:/Program Files/MiKTeX 2.9/f
onts/type1/public/amsfonts/cm/cmmi5.pfb><C:/Program Files/MiKTeX 2.9/fonts/type
1/public/amsfonts/cm/cmmi7.pfb><C:/Program Files/MiKTeX 2.9/fonts/type1/public/
amsfonts/cm/cmr10.pfb><C:/Program Files/MiKTeX 2.9/fonts/type1/public/amsfonts/
cm/cmr5.pfb><C:/Program Files/MiKTeX 2.9/fonts/type1/public/amsfonts/cm/cmr7.pf
b><C:/Program Files/MiKTeX 2.9/fonts/type1/public/amsfonts/cm/cmsy10.pfb><C:/Pr
ogram Files/MiKTeX 2.9/fonts/type1/public/amsfonts/cm/cmsy5.pfb><C:/Program Fil
es/MiKTeX 2.9/fonts/type1/public/amsfonts/cm/cmsy7.pfb><C:/Program Files/MiKTeX
 2.9/fonts/type1/public/amsfonts/cm/cmti10.pfb><C:/Program Files/MiKTeX 2.9/fon
ts/type1/public/amsfonts/symbols/msam10.pfb>
Output written on "Informe TP01 - Grupo 4.pdf" (9 pages, 1688632 bytes).
PDF statistics:
 140 PDF objects out of 1000 (max. 8388607)
 0 named destinations out of 1000 (max. 500000)
 96 words of extra memory for PDF output out of 10000 (max. 10000000)

