Added Component: Designator=P1(HDR1X2)
Add component. Clean all parameters for all variants
Add component (AddParameter): Name = "LatestRevisionDate"; Value = "17-Jul-2002"; VariantName = "[No Variations]"
Add component (AddParameter): Name = "LatestRevisionNote"; Value = "Re-released for DXP Platform."; VariantName = "[No Variations]"
Add component (AddParameter): Name = "Publisher"; Value = "Altium Limited"; VariantName = "[No Variations]"
Added Component: Designator=P2(HDR1X2)
Add component. Clean all parameters for all variants
Add component (AddParameter): Name = "LatestRevisionDate"; Value = "17-Jul-2002"; VariantName = "[No Variations]"
Add component (AddParameter): Name = "LatestRevisionNote"; Value = "Re-released for DXP Platform."; VariantName = "[No Variations]"
Add component (AddParameter): Name = "Publisher"; Value = "Altium Limited"; VariantName = "[No Variations]"
Added Pin To Net: NetName=GND Pin=P1-1
Added Pin To Net: NetName=NetC1_1 Pin=P1-2
Added Pin To Net: NetName=GND Pin=P2-1
Added Pin To Net: NetName=NetC2_2 Pin=P2-2
Added Member To Class: ClassName=Punto1 Member=Component C1 CAP
Added Member To Class: ClassName=Punto1 Member=Component C2 CAP
Added Member To Class: ClassName=Punto1 Member=Component C3 CAP
Added Member To Class: ClassName=Punto1 Member=Component P1 Header 2
Added Member To Class: ClassName=Punto1 Member=Component P2 Header 2
Added Member To Class: ClassName=Punto1 Member=Component R1 RES
Added Member To Class: ClassName=Punto1 Member=Component R2 RES
Added Member To Class: ClassName=Punto1 Member=Component R3 RES
Added Room: Name=Punto1
