This is pdfTeX, Version 3.14159265-2.6-1.40.20 (TeX Live 2019) (preloaded format=pdflatex 2019.8.8)  14 AUG 2019 16:13
entering extended mode
 restricted \write18 enabled.
 file:line:error style messages enabled.
 %&-line parsing enabled.
**"/Users/manueldieguez/Google Drive/Instituto Tecnologico de Buenos Aires/Teoria de Circuitos/Trabajos Practicos/TP01/Ejercicio 1/Informe/informe_ej1.tex"
(/Users/manueldieguez/Google Drive/Instituto Tecnologico de Buenos Aires/Teoria de Circuitos/Trabajos Practicos/TP01/Ejercicio 1/Informe/informe_ej1.tex
LaTeX2e <2018-12-01>
(/usr/local/texlive/2019/texmf-dist/tex/latex/base/article.cls
Document Class: article 2018/09/03 v1.4i Standard LaTeX document class
(/usr/local/texlive/2019/texmf-dist/tex/latex/base/size12.clo
File: size12.clo 2018/09/03 v1.4i Standard LaTeX file (size option)
)
\c@part=\count80
\c@section=\count81
\c@subsection=\count82
\c@subsubsection=\count83
\c@paragraph=\count84
\c@subparagraph=\count85
\c@figure=\count86
\c@table=\count87
\abovecaptionskip=\skip41
\belowcaptionskip=\skip42
\bibindent=\dimen102
) (/usr/local/texlive/2019/texmf-dist/tex/latex/base/inputenc.sty
Package: inputenc 2018/08/11 v1.3c Input encoding file
\inpenc@prehook=\toks14
\inpenc@posthook=\toks15
) (/usr/local/texlive/2019/texmf-dist/tex/latex/circuitikz/circuitikz.sty
Package: circuitikz 2017/05/28{} The CircuiTikz circuit drawing package version 0.8.3
 (/usr/local/texlive/2019/texmf-dist/tex/latex/pgf/frontendlayer/tikz.sty (/usr/local/texlive/2019/texmf-dist/tex/latex/pgf/basiclayer/pgf.sty (/usr/local/texlive/2019/texmf-dist/tex/latex/pgf/utilities/pgfrcs.sty (/usr/local/texlive/2019/texmf-dist/tex/generic/pgf/utilities/pgfutil-common.tex
\pgfutil@everybye=\toks16
\pgfutil@tempdima=\dimen103
\pgfutil@tempdimb=\dimen104
 (/usr/local/texlive/2019/texmf-dist/tex/generic/pgf/utilities/pgfutil-common-lists.tex)) (/usr/local/texlive/2019/texmf-dist/tex/generic/pgf/utilities/pgfutil-latex.def
\pgfutil@abb=\box27
 (/usr/local/texlive/2019/texmf-dist/tex/latex/ms/everyshi.sty
Package: everyshi 2001/05/15 v3.00 EveryShipout Package (MS)
)) (/usr/local/texlive/2019/texmf-dist/tex/generic/pgf/utilities/pgfrcs.code.tex (/usr/local/texlive/2019/texmf-dist/tex/generic/pgf/pgf.revision.tex)
Package: pgfrcs 2019/04/04 v3.1.2 (3.1.2)
))
Package: pgf 2019/04/04 v3.1.2 (3.1.2)
 (/usr/local/texlive/2019/texmf-dist/tex/latex/pgf/basiclayer/pgfcore.sty (/usr/local/texlive/2019/texmf-dist/tex/latex/graphics/graphicx.sty
Package: graphicx 2017/06/01 v1.1a Enhanced LaTeX Graphics (DPC,SPQR)
 (/usr/local/texlive/2019/texmf-dist/tex/latex/graphics/keyval.sty
Package: keyval 2014/10/28 v1.15 key=value parser (DPC)
\KV@toks@=\toks17
) (/usr/local/texlive/2019/texmf-dist/tex/latex/graphics/graphics.sty
Package: graphics 2017/06/25 v1.2c Standard LaTeX Graphics (DPC,SPQR)
 (/usr/local/texlive/2019/texmf-dist/tex/latex/graphics/trig.sty
Package: trig 2016/01/03 v1.10 sin cos tan (DPC)
) (/usr/local/texlive/2019/texmf-dist/tex/latex/graphics-cfg/graphics.cfg
File: graphics.cfg 2016/06/04 v1.11 sample graphics configuration
)
Package graphics Info: Driver file: pdftex.def on input line 99.
 (/usr/local/texlive/2019/texmf-dist/tex/latex/graphics-def/pdftex.def
File: pdftex.def 2018/01/08 v1.0l Graphics/color driver for pdftex
))
\Gin@req@height=\dimen105
\Gin@req@width=\dimen106
) (/usr/local/texlive/2019/texmf-dist/tex/latex/pgf/systemlayer/pgfsys.sty (/usr/local/texlive/2019/texmf-dist/tex/generic/pgf/systemlayer/pgfsys.code.tex
Package: pgfsys 2019/04/04 v3.1.2 (3.1.2)
 (/usr/local/texlive/2019/texmf-dist/tex/generic/pgf/utilities/pgfkeys.code.tex
\pgfkeys@pathtoks=\toks18
\pgfkeys@temptoks=\toks19
 (/usr/local/texlive/2019/texmf-dist/tex/generic/pgf/utilities/pgfkeysfiltered.code.tex
\pgfkeys@tmptoks=\toks20
))
\pgf@x=\dimen107
\pgf@y=\dimen108
\pgf@xa=\dimen109
\pgf@ya=\dimen110
\pgf@xb=\dimen111
\pgf@yb=\dimen112
\pgf@xc=\dimen113
\pgf@yc=\dimen114
\w@pgf@writea=\write3
\r@pgf@reada=\read1
\c@pgf@counta=\count88
\c@pgf@countb=\count89
\c@pgf@countc=\count90
\c@pgf@countd=\count91
\t@pgf@toka=\toks21
\t@pgf@tokb=\toks22
\t@pgf@tokc=\toks23
\pgf@sys@id@count=\count92
 (/usr/local/texlive/2019/texmf-dist/tex/generic/pgf/systemlayer/pgf.cfg
File: pgf.cfg 2019/04/04 v3.1.2 (3.1.2)
)
Driver file for pgf: pgfsys-pdftex.def
 (/usr/local/texlive/2019/texmf-dist/tex/generic/pgf/systemlayer/pgfsys-pdftex.def
File: pgfsys-pdftex.def 2019/04/04 v3.1.2 (3.1.2)
 (/usr/local/texlive/2019/texmf-dist/tex/generic/pgf/systemlayer/pgfsys-common-pdf.def
File: pgfsys-common-pdf.def 2019/04/04 v3.1.2 (3.1.2)
))) (/usr/local/texlive/2019/texmf-dist/tex/generic/pgf/systemlayer/pgfsyssoftpath.code.tex
File: pgfsyssoftpath.code.tex 2019/04/04 v3.1.2 (3.1.2)
\pgfsyssoftpath@smallbuffer@items=\count93
\pgfsyssoftpath@bigbuffer@items=\count94
) (/usr/local/texlive/2019/texmf-dist/tex/generic/pgf/systemlayer/pgfsysprotocol.code.tex
File: pgfsysprotocol.code.tex 2019/04/04 v3.1.2 (3.1.2)
)) (/usr/local/texlive/2019/texmf-dist/tex/latex/xcolor/xcolor.sty
Package: xcolor 2016/05/11 v2.12 LaTeX color extensions (UK)
 (/usr/local/texlive/2019/texmf-dist/tex/latex/graphics-cfg/color.cfg
File: color.cfg 2016/01/02 v1.6 sample color configuration
)
Package xcolor Info: Driver file: pdftex.def on input line 225.
Package xcolor Info: Model `cmy' substituted by `cmy0' on input line 1348.
Package xcolor Info: Model `hsb' substituted by `rgb' on input line 1352.
Package xcolor Info: Model `RGB' extended on input line 1364.
Package xcolor Info: Model `HTML' substituted by `rgb' on input line 1366.
Package xcolor Info: Model `Hsb' substituted by `hsb' on input line 1367.
Package xcolor Info: Model `tHsb' substituted by `hsb' on input line 1368.
Package xcolor Info: Model `HSB' substituted by `hsb' on input line 1369.
Package xcolor Info: Model `Gray' substituted by `gray' on input line 1370.
Package xcolor Info: Model `wave' substituted by `hsb' on input line 1371.
) (/usr/local/texlive/2019/texmf-dist/tex/generic/pgf/basiclayer/pgfcore.code.tex
Package: pgfcore 2019/04/04 v3.1.2 (3.1.2)
 (/usr/local/texlive/2019/texmf-dist/tex/generic/pgf/math/pgfmath.code.tex (/usr/local/texlive/2019/texmf-dist/tex/generic/pgf/math/pgfmathcalc.code.tex (/usr/local/texlive/2019/texmf-dist/tex/generic/pgf/math/pgfmathutil.code.tex) (/usr/local/texlive/2019/texmf-dist/tex/generic/pgf/math/pgfmathparser.code.tex
\pgfmath@dimen=\dimen115
\pgfmath@count=\count95
\pgfmath@box=\box28
\pgfmath@toks=\toks24
\pgfmath@stack@operand=\toks25
\pgfmath@stack@operation=\toks26
) (/usr/local/texlive/2019/texmf-dist/tex/generic/pgf/math/pgfmathfunctions.code.tex (/usr/local/texlive/2019/texmf-dist/tex/generic/pgf/math/pgfmathfunctions.basic.code.tex) (/usr/local/texlive/2019/texmf-dist/tex/generic/pgf/math/pgfmathfunctions.trigonometric.code.tex) (/usr/local/texlive/2019/texmf-dist/tex/generic/pgf/math/pgfmathfunctions.random.code.tex) (/usr/local/texlive/2019/texmf-dist/tex/generic/pgf/math/pgfmathfunctions.comparison.code.tex) (/usr/local/texlive/2019/texmf-dist/tex/generic/pgf/math/pgfmathfunctions.base.code.tex) (/usr/local/texlive/2019/texmf-dist/tex/generic/pgf/math/pgfmathfunctions.round.code.tex) (/usr/local/texlive/2019/texmf-dist/tex/generic/pgf/math/pgfmathfunctions.misc.code.tex) (/usr/local/texlive/2019/texmf-dist/tex/generic/pgf/math/pgfmathfunctions.integerarithmetics.code.tex))) (/usr/local/texlive/2019/texmf-dist/tex/generic/pgf/math/pgfmathfloat.code.tex
\c@pgfmathroundto@lastzeros=\count96
)) (/usr/local/texlive/2019/texmf-dist/tex/generic/pgf/basiclayer/pgfcorepoints.code.tex
File: pgfcorepoints.code.tex 2019/04/04 v3.1.2 (3.1.2)
\pgf@picminx=\dimen116
\pgf@picmaxx=\dimen117
\pgf@picminy=\dimen118
\pgf@picmaxy=\dimen119
\pgf@pathminx=\dimen120
\pgf@pathmaxx=\dimen121
\pgf@pathminy=\dimen122
\pgf@pathmaxy=\dimen123
\pgf@xx=\dimen124
\pgf@xy=\dimen125
\pgf@yx=\dimen126
\pgf@yy=\dimen127
\pgf@zx=\dimen128
\pgf@zy=\dimen129
) (/usr/local/texlive/2019/texmf-dist/tex/generic/pgf/basiclayer/pgfcorepathconstruct.code.tex
File: pgfcorepathconstruct.code.tex 2019/04/04 v3.1.2 (3.1.2)
\pgf@path@lastx=\dimen130
\pgf@path@lasty=\dimen131
) (/usr/local/texlive/2019/texmf-dist/tex/generic/pgf/basiclayer/pgfcorepathusage.code.tex
File: pgfcorepathusage.code.tex 2019/04/04 v3.1.2 (3.1.2)
\pgf@shorten@end@additional=\dimen132
\pgf@shorten@start@additional=\dimen133
) (/usr/local/texlive/2019/texmf-dist/tex/generic/pgf/basiclayer/pgfcorescopes.code.tex
File: pgfcorescopes.code.tex 2019/04/04 v3.1.2 (3.1.2)
\pgfpic=\box29
\pgf@hbox=\box30
\pgf@layerbox@main=\box31
\pgf@picture@serial@count=\count97
) (/usr/local/texlive/2019/texmf-dist/tex/generic/pgf/basiclayer/pgfcoregraphicstate.code.tex
File: pgfcoregraphicstate.code.tex 2019/04/04 v3.1.2 (3.1.2)
\pgflinewidth=\dimen134
) (/usr/local/texlive/2019/texmf-dist/tex/generic/pgf/basiclayer/pgfcoretransformations.code.tex
File: pgfcoretransformations.code.tex 2019/04/04 v3.1.2 (3.1.2)
\pgf@pt@x=\dimen135
\pgf@pt@y=\dimen136
\pgf@pt@temp=\dimen137
) (/usr/local/texlive/2019/texmf-dist/tex/generic/pgf/basiclayer/pgfcorequick.code.tex
File: pgfcorequick.code.tex 2019/04/04 v3.1.2 (3.1.2)
) (/usr/local/texlive/2019/texmf-dist/tex/generic/pgf/basiclayer/pgfcoreobjects.code.tex
File: pgfcoreobjects.code.tex 2019/04/04 v3.1.2 (3.1.2)
) (/usr/local/texlive/2019/texmf-dist/tex/generic/pgf/basiclayer/pgfcorepathprocessing.code.tex
File: pgfcorepathprocessing.code.tex 2019/04/04 v3.1.2 (3.1.2)
) (/usr/local/texlive/2019/texmf-dist/tex/generic/pgf/basiclayer/pgfcorearrows.code.tex
File: pgfcorearrows.code.tex 2019/04/04 v3.1.2 (3.1.2)
\pgfarrowsep=\dimen138
) (/usr/local/texlive/2019/texmf-dist/tex/generic/pgf/basiclayer/pgfcoreshade.code.tex
File: pgfcoreshade.code.tex 2019/04/04 v3.1.2 (3.1.2)
\pgf@max=\dimen139
\pgf@sys@shading@range@num=\count98
\pgf@shadingcount=\count99
) (/usr/local/texlive/2019/texmf-dist/tex/generic/pgf/basiclayer/pgfcoreimage.code.tex
File: pgfcoreimage.code.tex 2019/04/04 v3.1.2 (3.1.2)
 (/usr/local/texlive/2019/texmf-dist/tex/generic/pgf/basiclayer/pgfcoreexternal.code.tex
File: pgfcoreexternal.code.tex 2019/04/04 v3.1.2 (3.1.2)
\pgfexternal@startupbox=\box32
)) (/usr/local/texlive/2019/texmf-dist/tex/generic/pgf/basiclayer/pgfcorelayers.code.tex
File: pgfcorelayers.code.tex 2019/04/04 v3.1.2 (3.1.2)
) (/usr/local/texlive/2019/texmf-dist/tex/generic/pgf/basiclayer/pgfcoretransparency.code.tex
File: pgfcoretransparency.code.tex 2019/04/04 v3.1.2 (3.1.2)
) (/usr/local/texlive/2019/texmf-dist/tex/generic/pgf/basiclayer/pgfcorepatterns.code.tex
File: pgfcorepatterns.code.tex 2019/04/04 v3.1.2 (3.1.2)
) (/usr/local/texlive/2019/texmf-dist/tex/generic/pgf/basiclayer/pgfcorerdf.code.tex
File: pgfcorerdf.code.tex 2019/04/04 v3.1.2 (3.1.2)
))) (/usr/local/texlive/2019/texmf-dist/tex/generic/pgf/modules/pgfmoduleshapes.code.tex
File: pgfmoduleshapes.code.tex 2019/04/04 v3.1.2 (3.1.2)
\pgfnodeparttextbox=\box33
) (/usr/local/texlive/2019/texmf-dist/tex/generic/pgf/modules/pgfmoduleplot.code.tex
File: pgfmoduleplot.code.tex 2019/04/04 v3.1.2 (3.1.2)
) (/usr/local/texlive/2019/texmf-dist/tex/latex/pgf/compatibility/pgfcomp-version-0-65.sty
Package: pgfcomp-version-0-65 2019/04/04 v3.1.2 (3.1.2)
\pgf@nodesepstart=\dimen140
\pgf@nodesepend=\dimen141
) (/usr/local/texlive/2019/texmf-dist/tex/latex/pgf/compatibility/pgfcomp-version-1-18.sty
Package: pgfcomp-version-1-18 2019/04/04 v3.1.2 (3.1.2)
)) (/usr/local/texlive/2019/texmf-dist/tex/latex/pgf/utilities/pgffor.sty (/usr/local/texlive/2019/texmf-dist/tex/latex/pgf/utilities/pgfkeys.sty (/usr/local/texlive/2019/texmf-dist/tex/generic/pgf/utilities/pgfkeys.code.tex)) (/usr/local/texlive/2019/texmf-dist/tex/latex/pgf/math/pgfmath.sty (/usr/local/texlive/2019/texmf-dist/tex/generic/pgf/math/pgfmath.code.tex)) (/usr/local/texlive/2019/texmf-dist/tex/generic/pgf/utilities/pgffor.code.tex
Package: pgffor 2019/04/04 v3.1.2 (3.1.2)
 (/usr/local/texlive/2019/texmf-dist/tex/generic/pgf/math/pgfmath.code.tex)
\pgffor@iter=\dimen142
\pgffor@skip=\dimen143
\pgffor@stack=\toks27
\pgffor@toks=\toks28
)) (/usr/local/texlive/2019/texmf-dist/tex/generic/pgf/frontendlayer/tikz/tikz.code.tex
Package: tikz 2019/04/04 v3.1.2 (3.1.2)
 (/usr/local/texlive/2019/texmf-dist/tex/generic/pgf/libraries/pgflibraryplothandlers.code.tex
File: pgflibraryplothandlers.code.tex 2019/04/04 v3.1.2 (3.1.2)
\pgf@plot@mark@count=\count100
\pgfplotmarksize=\dimen144
)
\tikz@lastx=\dimen145
\tikz@lasty=\dimen146
\tikz@lastxsaved=\dimen147
\tikz@lastysaved=\dimen148
\tikzleveldistance=\dimen149
\tikzsiblingdistance=\dimen150
\tikz@figbox=\box34
\tikz@figbox@bg=\box35
\tikz@tempbox=\box36
\tikz@tempbox@bg=\box37
\tikztreelevel=\count101
\tikznumberofchildren=\count102
\tikznumberofcurrentchild=\count103
\tikz@fig@count=\count104
 (/usr/local/texlive/2019/texmf-dist/tex/generic/pgf/modules/pgfmodulematrix.code.tex
File: pgfmodulematrix.code.tex 2019/04/04 v3.1.2 (3.1.2)
\pgfmatrixcurrentrow=\count105
\pgfmatrixcurrentcolumn=\count106
\pgf@matrix@numberofcolumns=\count107
)
\tikz@expandcount=\count108
 (/usr/local/texlive/2019/texmf-dist/tex/generic/pgf/frontendlayer/tikz/libraries/tikzlibrarytopaths.code.tex
File: tikzlibrarytopaths.code.tex 2019/04/04 v3.1.2 (3.1.2)
))) (/usr/local/texlive/2019/texmf-dist/tex/generic/pgf/frontendlayer/tikz/libraries/tikzlibrarycalc.code.tex
File: tikzlibrarycalc.code.tex 2019/04/04 v3.1.2 (3.1.2)
) (/usr/local/texlive/2019/texmf-dist/tex/generic/pgf/libraries/pgflibraryarrows.code.tex
File: pgflibraryarrows.code.tex 2019/04/04 v3.1.2 (3.1.2)
\arrowsize=\dimen151
) (/usr/local/texlive/2019/texmf-dist/tex/generic/circuitikz/pgfcirc.defines.tex
\pgf@circ@res@up=\dimen152
\pgf@circ@res@down=\dimen153
\pgf@circ@res@zero=\dimen154
\pgf@circ@res@left=\dimen155
\pgf@circ@res@right=\dimen156
\pgf@circ@res@other=\dimen157
\pgf@circ@res@step=\dimen158
\pgf@circ@res@temp=\dimen159
\pgfstartlinewidth=\dimen160
\pgf@circ@Rlen=\dimen161
) (/usr/local/texlive/2019/texmf-dist/tex/generic/circuitikz/pgfcircutils.tex) (/usr/local/texlive/2019/texmf-dist/tex/generic/circuitikz/pgfcircshapes.tex) (/usr/local/texlive/2019/texmf-dist/tex/generic/circuitikz/pgfcircmonopoles.tex) (/usr/local/texlive/2019/texmf-dist/tex/generic/circuitikz/pgfcircbipoles.tex) (/usr/local/texlive/2019/texmf-dist/tex/generic/circuitikz/pgfcirctripoles.tex) (/usr/local/texlive/2019/texmf-dist/tex/generic/circuitikz/pgfcircquadpoles.tex) (/usr/local/texlive/2019/texmf-dist/tex/generic/circuitikz/pgfcirclabel.tex) (/usr/local/texlive/2019/texmf-dist/tex/generic/circuitikz/pgfcircvoltage.tex) (/usr/local/texlive/2019/texmf-dist/tex/generic/circuitikz/pgfcirccurrent.tex) (/usr/local/texlive/2019/texmf-dist/tex/generic/circuitikz/pgfcircflow.tex) (/usr/local/texlive/2019/texmf-dist/tex/generic/circuitikz/pgfcircpath.tex) (/usr/local/texlive/2019/texmf-dist/tex/generic/xstring/xstring.sty (/usr/local/texlive/2019/texmf-dist/tex/generic/xstring/xstring.tex
\integerpart=\count109
\decimalpart=\count110
)
Package: xstring 2019/02/06 v1.83 String manipulations (CT)
) (/usr/local/texlive/2019/texmf-dist/tex/latex/siunitx/siunitx.sty (/usr/local/texlive/2019/texmf-dist/tex/latex/l3kernel/expl3.sty
Package: expl3 2019-05-07 L3 programming layer (loader) 
 (/usr/local/texlive/2019/texmf-dist/tex/latex/l3kernel/expl3-code.tex
Package: expl3 2019-05-07 L3 programming layer (code)
\c_max_int=\count111
\l_tmpa_int=\count112
\l_tmpb_int=\count113
\g_tmpa_int=\count114
\g_tmpb_int=\count115
\g__kernel_prg_map_int=\count116
\c__ior_term_ior=\count117
\c_log_iow=\count118
\l_iow_line_count_int=\count119
\l__iow_line_target_int=\count120
\l__iow_one_indent_int=\count121
\l__iow_indent_int=\count122
\c_zero_dim=\dimen162
\c_max_dim=\dimen163
\l_tmpa_dim=\dimen164
\l_tmpb_dim=\dimen165
\g_tmpa_dim=\dimen166
\g_tmpb_dim=\dimen167
\c_zero_skip=\skip43
\c_max_skip=\skip44
\l_tmpa_skip=\skip45
\l_tmpb_skip=\skip46
\g_tmpa_skip=\skip47
\g_tmpb_skip=\skip48
\c_zero_muskip=\muskip10
\c_max_muskip=\muskip11
\l_tmpa_muskip=\muskip12
\l_tmpb_muskip=\muskip13
\g_tmpa_muskip=\muskip14
\g_tmpb_muskip=\muskip15
\l_keys_choice_int=\count123
\l__intarray_loop_int=\count124
\c__intarray_sp_dim=\dimen168
\g__intarray_font_int=\count125
\c__fp_leading_shift_int=\count126
\c__fp_middle_shift_int=\count127
\c__fp_trailing_shift_int=\count128
\c__fp_big_leading_shift_int=\count129
\c__fp_big_middle_shift_int=\count130
\c__fp_big_trailing_shift_int=\count131
\c__fp_Bigg_leading_shift_int=\count132
\c__fp_Bigg_middle_shift_int=\count133
\c__fp_Bigg_trailing_shift_int=\count134
\c__kernel_randint_max_int=\count135
\g__fp_array_int=\count136
\l__fp_array_loop_int=\count137
\l__sort_length_int=\count138
\l__sort_min_int=\count139
\l__sort_top_int=\count140
\l__sort_max_int=\count141
\l__sort_true_max_int=\count142
\l__sort_block_int=\count143
\l__sort_begin_int=\count144
\l__sort_end_int=\count145
\l__sort_A_int=\count146
\l__sort_B_int=\count147
\l__sort_C_int=\count148
\l__tl_analysis_normal_int=\count149
\l__tl_analysis_index_int=\count150
\l__tl_analysis_nesting_int=\count151
\l__tl_analysis_type_int=\count152
\l__regex_internal_a_int=\count153
\l__regex_internal_b_int=\count154
\l__regex_internal_c_int=\count155
\l__regex_balance_int=\count156
\l__regex_group_level_int=\count157
\l__regex_mode_int=\count158
\c__regex_cs_in_class_mode_int=\count159
\c__regex_cs_mode_int=\count160
\l__regex_catcodes_int=\count161
\l__regex_default_catcodes_int=\count162
\c__regex_catcode_D_int=\count163
\c__regex_catcode_S_int=\count164
\c__regex_catcode_L_int=\count165
\c__regex_catcode_O_int=\count166
\c__regex_catcode_A_int=\count167
\c__regex_all_catcodes_int=\count168
\l__regex_show_lines_int=\count169
\l__regex_min_state_int=\count170
\l__regex_max_state_int=\count171
\l__regex_left_state_int=\count172
\l__regex_right_state_int=\count173
\l__regex_capturing_group_int=\count174
\l__regex_min_pos_int=\count175
\l__regex_max_pos_int=\count176
\l__regex_curr_pos_int=\count177
\l__regex_start_pos_int=\count178
\l__regex_success_pos_int=\count179
\l__regex_curr_char_int=\count180
\l__regex_curr_catcode_int=\count181
\l__regex_last_char_int=\count182
\l__regex_case_changed_char_int=\count183
\l__regex_curr_state_int=\count184
\l__regex_step_int=\count185
\l__regex_min_active_int=\count186
\l__regex_max_active_int=\count187
\l__regex_replacement_csnames_int=\count188
\l__regex_match_count_int=\count189
\l__regex_min_submatch_int=\count190
\l__regex_submatch_int=\count191
\l__regex_zeroth_submatch_int=\count192
\g__regex_trace_regex_int=\count193
\c_empty_box=\box38
\l_tmpa_box=\box39
\l_tmpb_box=\box40
\g_tmpa_box=\box41
\g_tmpb_box=\box42
\l__box_top_dim=\dimen169
\l__box_bottom_dim=\dimen170
\l__box_left_dim=\dimen171
\l__box_right_dim=\dimen172
\l__box_top_new_dim=\dimen173
\l__box_bottom_new_dim=\dimen174
\l__box_left_new_dim=\dimen175
\l__box_right_new_dim=\dimen176
\l__box_internal_box=\box43
\l__coffin_internal_box=\box44
\l__coffin_internal_dim=\dimen177
\l__coffin_offset_x_dim=\dimen178
\l__coffin_offset_y_dim=\dimen179
\l__coffin_x_dim=\dimen180
\l__coffin_y_dim=\dimen181
\l__coffin_x_prime_dim=\dimen182
\l__coffin_y_prime_dim=\dimen183
\c_empty_coffin=\box45
\l__coffin_aligned_coffin=\box46
\l__coffin_aligned_internal_coffin=\box47
\l_tmpa_coffin=\box48
\l_tmpb_coffin=\box49
\g_tmpa_coffin=\box50
\g_tmpb_coffin=\box51
\l__coffin_bounding_shift_dim=\dimen184
\l__coffin_left_corner_dim=\dimen185
\l__coffin_right_corner_dim=\dimen186
\l__coffin_bottom_corner_dim=\dimen187
\l__coffin_top_corner_dim=\dimen188
\l__coffin_scaled_total_height_dim=\dimen189
\l__coffin_scaled_width_dim=\dimen190
\c__coffin_empty_coffin=\box52
\l__coffin_display_coffin=\box53
\l__coffin_display_coord_coffin=\box54
\l__coffin_display_pole_coffin=\box55
\l__coffin_display_offset_dim=\dimen191
\l__coffin_display_x_dim=\dimen192
\l__coffin_display_y_dim=\dimen193
\g__file_internal_ior=\read2
\l__seq_internal_a_int=\count194
\l__seq_internal_b_int=\count195
\c__deprecation_minus_one=\count196
) (/usr/local/texlive/2019/texmf-dist/tex/latex/l3kernel/l3pdfmode.def
File: l3pdfmode.def 2019-04-06 v L3 Experimental driver: PDF mode
\l__driver_color_stack_int=\count197
\l__driver_pdf_tmp_box=\box56
)) (/usr/local/texlive/2019/texmf-dist/tex/latex/l3packages/xparse/xparse.sty
Package: xparse 2019-05-03 L3 Experimental document command parser
\l__xparse_current_arg_int=\count198
\g__xparse_grabber_int=\count199
\l__xparse_m_args_int=\count266
\l__xparse_v_nesting_int=\count267
)
Package: siunitx 2018/05/17 v2.7s A comprehensive (SI) units package
 (/usr/local/texlive/2019/texmf-dist/tex/latex/amsmath/amstext.sty
Package: amstext 2000/06/29 v2.01 AMS text
 (/usr/local/texlive/2019/texmf-dist/tex/latex/amsmath/amsgen.sty
File: amsgen.sty 1999/11/30 v2.0 generic functions
\@emptytoks=\toks29
\ex@=\dimen194
)) (/usr/local/texlive/2019/texmf-dist/tex/latex/tools/array.sty
Package: array 2018/12/30 v2.4k Tabular extension package (FMi)
\col@sep=\dimen195
\ar@mcellbox=\box57
\extrarowheight=\dimen196
\NC@list=\toks30
\extratabsurround=\skip49
\backup@length=\skip50
\ar@cellbox=\box58
) (/usr/local/texlive/2019/texmf-dist/tex/latex/l3packages/l3keys2e/l3keys2e.sty
Package: l3keys2e 2019-05-03 LaTeX2e option processing using LaTeX3 keys
)
\l__siunitx_tmp_box=\box59
\l__siunitx_tmp_dim=\dimen197
\l__siunitx_tmp_int=\count268
\l__siunitx_number_mantissa_length_int=\count269
\l__siunitx_number_uncert_length_int=\count270
\l__siunitx_round_int=\count271
\l__siunitx_process_decimal_int=\count272
\l__siunitx_process_uncertainty_int=\count273
\l__siunitx_process_fixed_int=\count274
\l__siunitx_process_integer_min_int=\count275
\l__siunitx_process_precision_int=\count276
\l__siunitx_group_min_int=\count277
\l__siunitx_angle_marker_box=\box60
\l__siunitx_angle_unit_box=\box61
\l__siunitx_angle_marker_dim=\dimen198
\l__siunitx_angle_unit_dim=\dimen199
\l__siunitx_unit_int=\count278
\l__siunitx_unit_denominator_int=\count279
\l__siunitx_unit_numerator_int=\count280
\l__siunitx_unit_prefix_int=\count281
\l__siunitx_unit_prefix_base_int=\count282
\l__siunitx_unit_prefix_gram_int=\count283
\l__siunitx_number_product_int=\count284
\c__siunitx_one_fill_skip=\skip51
\l__siunitx_table_unit_align_skip=\skip52
\l__siunitx_table_exponent_dim=\dimen256
\l__siunitx_table_integer_dim=\dimen257
\l__siunitx_table_mantissa_dim=\dimen258
\l__siunitx_table_marker_dim=\dimen259
\l__siunitx_table_result_dim=\dimen260
\l__siunitx_table_uncert_dim=\dimen261
\l__siunitx_table_fill_pre_dim=\dimen262
\l__siunitx_table_fill_post_dim=\dimen263
\l__siunitx_table_fill_mid_dim=\dimen264
\l__siunitx_table_pre_box=\box62
\l__siunitx_table_post_box=\box63
\l__siunitx_table_mantissa_box=\box64
\l__siunitx_table_result_box=\box65
\l__siunitx_table_number_align_skip=\skip53
\l__siunitx_table_text_align_skip=\skip54
 (/usr/local/texlive/2019/texmf-dist/tex/latex/translator/translator.sty
Package: translator 2018/01/04 v1.12 Easy translation of strings in LaTeX
))) (/usr/local/texlive/2019/texmf-dist/tex/latex/pgfplots/pgfplots.sty (/usr/local/texlive/2019/texmf-dist/tex/generic/pgfplots/pgfplots.revision.tex)
Package: pgfplots 2018/03/28 v1.16 Data Visualization (1.16)
 (/usr/local/texlive/2019/texmf-dist/tex/generic/pgfplots/pgfplots.code.tex (/usr/local/texlive/2019/texmf-dist/tex/generic/pgfplots/pgfplotscore.code.tex
\t@pgfplots@toka=\toks31
\t@pgfplots@tokb=\toks32
\t@pgfplots@tokc=\toks33
\pgfplots@tmpa=\dimen265
\c@pgfplots@coordindex=\count285
\c@pgfplots@scanlineindex=\count286
 (/usr/local/texlive/2019/texmf-dist/tex/generic/pgfplots/sys/pgfplotssysgeneric.code.tex)) (/usr/local/texlive/2019/texmf-dist/tex/generic/pgfplots/libs/pgfplotslibrary.code.tex) (/usr/local/texlive/2019/texmf-dist/tex/generic/pgfplots/oldpgfcompatib/pgfplotsoldpgfsupp_loader.code.tex (/usr/local/texlive/2019/texmf-dist/tex/generic/pgf/libraries/pgflibraryfpu.code.tex)
Package pgfplots: loading complementary arithmetics for your pgf version...
(/usr/local/texlive/2019/texmf-dist/tex/generic/pgfplots/oldpgfcompatib/pgfplotsoldpgfsupp_pgflibraryfpu.code.tex) (/usr/local/texlive/2019/texmf-dist/tex/generic/pgfplots/oldpgfcompatib/pgfplotsoldpgfsupp_pgfmathfloat.code.tex
\c@pgfmathroundto@lastzeros=\count287
)) (/usr/local/texlive/2019/texmf-dist/tex/generic/pgfplots/util/pgfplotsutil.code.tex (/usr/local/texlive/2019/texmf-dist/tex/generic/pgfplots/liststructure/pgfplotsliststructure.code.tex) (/usr/local/texlive/2019/texmf-dist/tex/generic/pgfplots/liststructure/pgfplotsliststructureext.code.tex) (/usr/local/texlive/2019/texmf-dist/tex/generic/pgfplots/liststructure/pgfplotsarray.code.tex
\c@pgfplotsarray@tmp=\count288
) (/usr/local/texlive/2019/texmf-dist/tex/generic/pgfplots/liststructure/pgfplotsmatrix.code.tex) (/usr/local/texlive/2019/texmf-dist/tex/generic/pgfplots/numtable/pgfplotstableshared.code.tex
\c@pgfplotstable@counta=\count289
\t@pgfplotstable@a=\toks34
) (/usr/local/texlive/2019/texmf-dist/tex/generic/pgfplots/liststructure/pgfplotsdeque.code.tex) (/usr/local/texlive/2019/texmf-dist/tex/generic/pgfplots/util/pgfplotsbinary.code.tex (/usr/local/texlive/2019/texmf-dist/tex/generic/pgfplots/util/pgfplotsbinary.data.code.tex)) (/usr/local/texlive/2019/texmf-dist/tex/generic/pgfplots/util/pgfplotsutil.verb.code.tex) (/usr/local/texlive/2019/texmf-dist/tex/generic/pgfplots/libs/pgflibrarypgfplots.surfshading.code.tex
\c@pgfplotslibrarysurf@no=\count290
 (/usr/local/texlive/2019/texmf-dist/tex/generic/pgfplots/sys/pgflibrarypgfplots.surfshading.pgfsys-pdftex.def))) (/usr/local/texlive/2019/texmf-dist/tex/generic/pgfplots/util/pgfplotscolormap.code.tex (/usr/local/texlive/2019/texmf-dist/tex/generic/pgfplots/util/pgfplotscolor.code.tex)) (/usr/local/texlive/2019/texmf-dist/tex/generic/pgfplots/pgfplotsstackedplots.code.tex) (/usr/local/texlive/2019/texmf-dist/tex/generic/pgfplots/pgfplotsplothandlers.code.tex (/usr/local/texlive/2019/texmf-dist/tex/generic/pgfplots/pgfplotsmeshplothandler.code.tex (/usr/local/texlive/2019/texmf-dist/tex/generic/pgfplots/pgfplotsmeshplotimage.code.tex))) (/usr/local/texlive/2019/texmf-dist/tex/generic/pgfplots/pgfplots.scaling.code.tex) (/usr/local/texlive/2019/texmf-dist/tex/generic/pgfplots/pgfplotscoordprocessing.code.tex) (/usr/local/texlive/2019/texmf-dist/tex/generic/pgfplots/pgfplots.errorbars.code.tex) (/usr/local/texlive/2019/texmf-dist/tex/generic/pgfplots/pgfplots.markers.code.tex) (/usr/local/texlive/2019/texmf-dist/tex/generic/pgfplots/pgfplotsticks.code.tex) (/usr/local/texlive/2019/texmf-dist/tex/generic/pgfplots/pgfplots.paths.code.tex) (/usr/local/texlive/2019/texmf-dist/tex/generic/pgf/frontendlayer/tikz/libraries/tikzlibrarydecorations.code.tex (/usr/local/texlive/2019/texmf-dist/tex/generic/pgf/modules/pgfmoduledecorations.code.tex
\pgfdecoratedcompleteddistance=\dimen266
\pgfdecoratedremainingdistance=\dimen267
\pgfdecoratedinputsegmentcompleteddistance=\dimen268
\pgfdecoratedinputsegmentremainingdistance=\dimen269
\pgf@decorate@distancetomove=\dimen270
\pgf@decorate@repeatstate=\count291
\pgfdecorationsegmentamplitude=\dimen271
\pgfdecorationsegmentlength=\dimen272
)
\tikz@lib@dec@box=\box66
) (/usr/local/texlive/2019/texmf-dist/tex/generic/pgf/frontendlayer/tikz/libraries/tikzlibrarydecorations.pathmorphing.code.tex (/usr/local/texlive/2019/texmf-dist/tex/generic/pgf/libraries/decorations/pgflibrarydecorations.pathmorphing.code.tex)) (/usr/local/texlive/2019/texmf-dist/tex/generic/pgf/frontendlayer/tikz/libraries/tikzlibrarydecorations.pathreplacing.code.tex (/usr/local/texlive/2019/texmf-dist/tex/generic/pgf/libraries/decorations/pgflibrarydecorations.pathreplacing.code.tex))
\pgfplots@numplots=\count292
\pgfplots@xmin@reg=\dimen273
\pgfplots@xmax@reg=\dimen274
\pgfplots@ymin@reg=\dimen275
\pgfplots@ymax@reg=\dimen276
\pgfplots@zmin@reg=\dimen277
\pgfplots@zmax@reg=\dimen278
) (/usr/local/texlive/2019/texmf-dist/tex/generic/pgf/frontendlayer/tikz/libraries/tikzlibraryplotmarks.code.tex
File: tikzlibraryplotmarks.code.tex 2019/04/04 v3.1.2 (3.1.2)
 (/usr/local/texlive/2019/texmf-dist/tex/generic/pgf/libraries/pgflibraryplotmarks.code.tex
File: pgflibraryplotmarks.code.tex 2019/04/04 v3.1.2 (3.1.2)
))) (/usr/local/texlive/2019/texmf-dist/tex/latex/geometry/geometry.sty
Package: geometry 2018/04/16 v5.8 Page Geometry
 (/usr/local/texlive/2019/texmf-dist/tex/generic/oberdiek/ifpdf.sty
Package: ifpdf 2018/09/07 v3.3 Provides the ifpdf switch
) (/usr/local/texlive/2019/texmf-dist/tex/generic/oberdiek/ifvtex.sty
Package: ifvtex 2016/05/16 v1.6 Detect VTeX and its facilities (HO)
Package ifvtex Info: VTeX not detected.
) (/usr/local/texlive/2019/texmf-dist/tex/generic/ifxetex/ifxetex.sty
Package: ifxetex 2010/09/12 v0.6 Provides ifxetex conditional
)
\Gm@cnth=\count293
\Gm@cntv=\count294
\c@Gm@tempcnt=\count295
\Gm@bindingoffset=\dimen279
\Gm@wd@mp=\dimen280
\Gm@odd@mp=\dimen281
\Gm@even@mp=\dimen282
\Gm@layoutwidth=\dimen283
\Gm@layoutheight=\dimen284
\Gm@layouthoffset=\dimen285
\Gm@layoutvoffset=\dimen286
\Gm@dimlist=\toks35
) (/usr/local/texlive/2019/texmf-dist/tex/latex/base/textcomp.sty
Package: textcomp 2018/08/11 v2.0j Standard LaTeX package
Package textcomp Info: Sub-encoding information:
(textcomp)               5 = only ISO-Adobe without \textcurrency
(textcomp)               4 = 5 + \texteuro
(textcomp)               3 = 4 + \textohm
(textcomp)               2 = 3 + \textestimated + \textcurrency
(textcomp)               1 = TS1 - \textcircled - \t
(textcomp)               0 = TS1 (full)
(textcomp)             Font families with sub-encoding setting implement
(textcomp)             only a restricted character set as indicated.
(textcomp)             Family '?' is the default used for unknown fonts.
(textcomp)             See the documentation for details.
Package textcomp Info: Setting ? sub-encoding to TS1/1 on input line 79.
 (/usr/local/texlive/2019/texmf-dist/tex/latex/base/ts1enc.def
File: ts1enc.def 2001/06/05 v3.0e (jk/car/fm) Standard LaTeX file
Now handling font encoding TS1 ...
... processing UTF-8 mapping file for font encoding TS1
 (/usr/local/texlive/2019/texmf-dist/tex/latex/base/ts1enc.dfu
File: ts1enc.dfu 2018/10/05 v1.2f UTF-8 support for inputenc
   defining Unicode char U+00A2 (decimal 162)
   defining Unicode char U+00A3 (decimal 163)
   defining Unicode char U+00A4 (decimal 164)
   defining Unicode char U+00A5 (decimal 165)
   defining Unicode char U+00A6 (decimal 166)
   defining Unicode char U+00A7 (decimal 167)
   defining Unicode char U+00A8 (decimal 168)
   defining Unicode char U+00A9 (decimal 169)
   defining Unicode char U+00AA (decimal 170)
   defining Unicode char U+00AC (decimal 172)
   defining Unicode char U+00AE (decimal 174)
   defining Unicode char U+00AF (decimal 175)
   defining Unicode char U+00B0 (decimal 176)
   defining Unicode char U+00B1 (decimal 177)
   defining Unicode char U+00B2 (decimal 178)
   defining Unicode char U+00B3 (decimal 179)
   defining Unicode char U+00B4 (decimal 180)
   defining Unicode char U+00B5 (decimal 181)
   defining Unicode char U+00B6 (decimal 182)
   defining Unicode char U+00B7 (decimal 183)
   defining Unicode char U+00B9 (decimal 185)
   defining Unicode char U+00BA (decimal 186)
   defining Unicode char U+00BC (decimal 188)
   defining Unicode char U+00BD (decimal 189)
   defining Unicode char U+00BE (decimal 190)
   defining Unicode char U+00D7 (decimal 215)
   defining Unicode char U+00F7 (decimal 247)
   defining Unicode char U+0192 (decimal 402)
   defining Unicode char U+02C7 (decimal 711)
   defining Unicode char U+02D8 (decimal 728)
   defining Unicode char U+02DD (decimal 733)
   defining Unicode char U+0E3F (decimal 3647)
   defining Unicode char U+2016 (decimal 8214)
   defining Unicode char U+2020 (decimal 8224)
   defining Unicode char U+2021 (decimal 8225)
   defining Unicode char U+2022 (decimal 8226)
   defining Unicode char U+2030 (decimal 8240)
   defining Unicode char U+2031 (decimal 8241)
   defining Unicode char U+203B (decimal 8251)
   defining Unicode char U+203D (decimal 8253)
   defining Unicode char U+2044 (decimal 8260)
   defining Unicode char U+204E (decimal 8270)
   defining Unicode char U+2052 (decimal 8274)
   defining Unicode char U+20A1 (decimal 8353)
   defining Unicode char U+20A4 (decimal 8356)
   defining Unicode char U+20A6 (decimal 8358)
   defining Unicode char U+20A9 (decimal 8361)
   defining Unicode char U+20AB (decimal 8363)
   defining Unicode char U+20AC (decimal 8364)
   defining Unicode char U+20B1 (decimal 8369)
   defining Unicode char U+2103 (decimal 8451)
   defining Unicode char U+2116 (decimal 8470)
   defining Unicode char U+2117 (decimal 8471)
   defining Unicode char U+211E (decimal 8478)
   defining Unicode char U+2120 (decimal 8480)
   defining Unicode char U+2122 (decimal 8482)
   defining Unicode char U+2126 (decimal 8486)
   defining Unicode char U+2127 (decimal 8487)
   defining Unicode char U+212E (decimal 8494)
   defining Unicode char U+2190 (decimal 8592)
   defining Unicode char U+2191 (decimal 8593)
   defining Unicode char U+2192 (decimal 8594)
   defining Unicode char U+2193 (decimal 8595)
   defining Unicode char U+2329 (decimal 9001)
   defining Unicode char U+232A (decimal 9002)
   defining Unicode char U+2422 (decimal 9250)
   defining Unicode char U+25E6 (decimal 9702)
   defining Unicode char U+25EF (decimal 9711)
   defining Unicode char U+266A (decimal 9834)
   defining Unicode char U+FEFF (decimal 65279)
))
LaTeX Info: Redefining \oldstylenums on input line 334.
Package textcomp Info: Setting cmr sub-encoding to TS1/0 on input line 349.
Package textcomp Info: Setting cmss sub-encoding to TS1/0 on input line 350.
Package textcomp Info: Setting cmtt sub-encoding to TS1/0 on input line 351.
Package textcomp Info: Setting cmvtt sub-encoding to TS1/0 on input line 352.
Package textcomp Info: Setting cmbr sub-encoding to TS1/0 on input line 353.
Package textcomp Info: Setting cmtl sub-encoding to TS1/0 on input line 354.
Package textcomp Info: Setting ccr sub-encoding to TS1/0 on input line 355.
Package textcomp Info: Setting ptm sub-encoding to TS1/4 on input line 356.
Package textcomp Info: Setting pcr sub-encoding to TS1/4 on input line 357.
Package textcomp Info: Setting phv sub-encoding to TS1/4 on input line 358.
Package textcomp Info: Setting ppl sub-encoding to TS1/3 on input line 359.
Package textcomp Info: Setting pag sub-encoding to TS1/4 on input line 360.
Package textcomp Info: Setting pbk sub-encoding to TS1/4 on input line 361.
Package textcomp Info: Setting pnc sub-encoding to TS1/4 on input line 362.
Package textcomp Info: Setting pzc sub-encoding to TS1/4 on input line 363.
Package textcomp Info: Setting bch sub-encoding to TS1/4 on input line 364.
Package textcomp Info: Setting put sub-encoding to TS1/5 on input line 365.
Package textcomp Info: Setting uag sub-encoding to TS1/5 on input line 366.
Package textcomp Info: Setting ugq sub-encoding to TS1/5 on input line 367.
Package textcomp Info: Setting ul8 sub-encoding to TS1/4 on input line 368.
Package textcomp Info: Setting ul9 sub-encoding to TS1/4 on input line 369.
Package textcomp Info: Setting augie sub-encoding to TS1/5 on input line 370.
Package textcomp Info: Setting dayrom sub-encoding to TS1/3 on input line 371.
Package textcomp Info: Setting dayroms sub-encoding to TS1/3 on input line 372.
Package textcomp Info: Setting pxr sub-encoding to TS1/0 on input line 373.
Package textcomp Info: Setting pxss sub-encoding to TS1/0 on input line 374.
Package textcomp Info: Setting pxtt sub-encoding to TS1/0 on input line 375.
Package textcomp Info: Setting txr sub-encoding to TS1/0 on input line 376.
Package textcomp Info: Setting txss sub-encoding to TS1/0 on input line 377.
Package textcomp Info: Setting txtt sub-encoding to TS1/0 on input line 378.
Package textcomp Info: Setting lmr sub-encoding to TS1/0 on input line 379.
Package textcomp Info: Setting lmdh sub-encoding to TS1/0 on input line 380.
Package textcomp Info: Setting lmss sub-encoding to TS1/0 on input line 381.
Package textcomp Info: Setting lmssq sub-encoding to TS1/0 on input line 382.
Package textcomp Info: Setting lmvtt sub-encoding to TS1/0 on input line 383.
Package textcomp Info: Setting lmtt sub-encoding to TS1/0 on input line 384.
Package textcomp Info: Setting qhv sub-encoding to TS1/0 on input line 385.
Package textcomp Info: Setting qag sub-encoding to TS1/0 on input line 386.
Package textcomp Info: Setting qbk sub-encoding to TS1/0 on input line 387.
Package textcomp Info: Setting qcr sub-encoding to TS1/0 on input line 388.
Package textcomp Info: Setting qcs sub-encoding to TS1/0 on input line 389.
Package textcomp Info: Setting qpl sub-encoding to TS1/0 on input line 390.
Package textcomp Info: Setting qtm sub-encoding to TS1/0 on input line 391.
Package textcomp Info: Setting qzc sub-encoding to TS1/0 on input line 392.
Package textcomp Info: Setting qhvc sub-encoding to TS1/0 on input line 393.
Package textcomp Info: Setting futs sub-encoding to TS1/4 on input line 394.
Package textcomp Info: Setting futx sub-encoding to TS1/4 on input line 395.
Package textcomp Info: Setting futj sub-encoding to TS1/4 on input line 396.
Package textcomp Info: Setting hlh sub-encoding to TS1/3 on input line 397.
Package textcomp Info: Setting hls sub-encoding to TS1/3 on input line 398.
Package textcomp Info: Setting hlst sub-encoding to TS1/3 on input line 399.
Package textcomp Info: Setting hlct sub-encoding to TS1/5 on input line 400.
Package textcomp Info: Setting hlx sub-encoding to TS1/5 on input line 401.
Package textcomp Info: Setting hlce sub-encoding to TS1/5 on input line 402.
Package textcomp Info: Setting hlcn sub-encoding to TS1/5 on input line 403.
Package textcomp Info: Setting hlcw sub-encoding to TS1/5 on input line 404.
Package textcomp Info: Setting hlcf sub-encoding to TS1/5 on input line 405.
Package textcomp Info: Setting pplx sub-encoding to TS1/3 on input line 406.
Package textcomp Info: Setting pplj sub-encoding to TS1/3 on input line 407.
Package textcomp Info: Setting ptmx sub-encoding to TS1/4 on input line 408.
Package textcomp Info: Setting ptmj sub-encoding to TS1/4 on input line 409.
) (/usr/local/texlive/2019/texmf-dist/tex/generic/babel/babel.sty
Package: babel 2019/05/04 3.31 The Babel package
 (/usr/local/texlive/2019/texmf-dist/tex/generic/babel/switch.def
File: switch.def 2019/05/04 3.31 Babel switching mechanism
) (/usr/local/texlive/2019/texmf-dist/tex/generic/babel-spanish/spanish.ldf
Language: spanish.ldf 2016/03/03 v5.0p Spanish support from the babel system
 (/usr/local/texlive/2019/texmf-dist/tex/generic/babel/babel.def
File: babel.def 2019/05/04 3.31 Babel common definitions
\babel@savecnt=\count296
\U@D=\dimen287
 (/usr/local/texlive/2019/texmf-dist/tex/generic/babel/txtbabel.def)
\bbl@dirlevel=\count297
)
\es@quottoks=\toks36
\es@quotdepth=\count298
Package babel Info: Making " an active character on input line 561.
Package babel Info: Making . an active character on input line 662.
Package babel Info: Making < an active character on input line 707.
Package babel Info: Making > an active character on input line 707.
)) (/usr/local/texlive/2019/texmf-dist/tex/latex/amsmath/amsmath.sty
Package: amsmath 2018/12/01 v2.17b AMS math features
\@mathmargin=\skip55

For additional information on amsmath, use the `?' option.
(/usr/local/texlive/2019/texmf-dist/tex/latex/amsmath/amsbsy.sty
Package: amsbsy 1999/11/29 v1.2d Bold Symbols
\pmbraise@=\dimen288
) (/usr/local/texlive/2019/texmf-dist/tex/latex/amsmath/amsopn.sty
Package: amsopn 2016/03/08 v2.02 operator names
)
\inf@bad=\count299
LaTeX Info: Redefining \frac on input line 223.
\uproot@=\count300
\leftroot@=\count301
LaTeX Info: Redefining \overline on input line 385.
\classnum@=\count302
\DOTSCASE@=\count303
LaTeX Info: Redefining \ldots on input line 482.
LaTeX Info: Redefining \dots on input line 485.
LaTeX Info: Redefining \cdots on input line 606.
\Mathstrutbox@=\box67
\strutbox@=\box68
\big@size=\dimen289
LaTeX Font Info:    Redeclaring font encoding OML on input line 729.
LaTeX Font Info:    Redeclaring font encoding OMS on input line 730.
\macc@depth=\count304
\c@MaxMatrixCols=\count305
\dotsspace@=\muskip16
\c@parentequation=\count306
\dspbrk@lvl=\count307
\tag@help=\toks37
\row@=\count308
\column@=\count309
\maxfields@=\count310
\andhelp@=\toks38
\eqnshift@=\dimen290
\alignsep@=\dimen291
\tagshift@=\dimen292
\tagwidth@=\dimen293
\totwidth@=\dimen294
\lineht@=\dimen295
\@envbody=\toks39
\multlinegap=\skip56
\multlinetaggap=\skip57
\mathdisplay@stack=\toks40
LaTeX Info: Redefining \[ on input line 2844.
LaTeX Info: Redefining \] on input line 2845.
) (/usr/local/texlive/2019/texmf-dist/tex/latex/todonotes/todonotes.sty
Package: todonotes 2019/01/24 v1.1.2 Todonotes source and documentation.
Package: todonotes 2018/11/22
 (/usr/local/texlive/2019/texmf-dist/tex/latex/base/ifthen.sty
Package: ifthen 2014/09/29 v1.1c Standard LaTeX ifthen package (DPC)
) (/usr/local/texlive/2019/texmf-dist/tex/latex/xkeyval/xkeyval.sty
Package: xkeyval 2014/12/03 v2.7a package option processing (HA)
 (/usr/local/texlive/2019/texmf-dist/tex/generic/xkeyval/xkeyval.tex (/usr/local/texlive/2019/texmf-dist/tex/generic/xkeyval/xkvutils.tex
\XKV@toks=\toks41
\XKV@tempa@toks=\toks42
)
\XKV@depth=\count311
File: xkeyval.tex 2014/12/03 v2.7a key=value parser (HA)
)) (/usr/local/texlive/2019/texmf-dist/tex/generic/pgf/frontendlayer/tikz/libraries/tikzlibrarypositioning.code.tex
File: tikzlibrarypositioning.code.tex 2019/04/04 v3.1.2 (3.1.2)
) (/usr/local/texlive/2019/texmf-dist/tex/generic/pgf/frontendlayer/tikz/libraries/tikzlibraryshadows.code.tex
File: tikzlibraryshadows.code.tex 2019/04/04 v3.1.2 (3.1.2)
 (/usr/local/texlive/2019/texmf-dist/tex/generic/pgf/frontendlayer/tikz/libraries/tikzlibraryfadings.code.tex
File: tikzlibraryfadings.code.tex 2019/04/04 v3.1.2 (3.1.2)
 (/usr/local/texlive/2019/texmf-dist/tex/generic/pgf/libraries/pgflibraryfadings.code.tex
File: pgflibraryfadings.code.tex 2019/04/04 v3.1.2 (3.1.2)
))) (/usr/local/texlive/2019/texmf-dist/tex/latex/tools/calc.sty
Package: calc 2017/05/25 v4.3 Infix arithmetic (KKT,FJ)
\calc@Acount=\count312
\calc@Bcount=\count313
\calc@Adimen=\dimen296
\calc@Bdimen=\dimen297
\calc@Askip=\skip58
\calc@Bskip=\skip59
LaTeX Info: Redefining \setlength on input line 80.
LaTeX Info: Redefining \addtolength on input line 81.
\calc@Ccount=\count314
\calc@Cskip=\skip60
)
\c@@todonotes@numberoftodonotes=\count315
) (/usr/local/texlive/2019/texmf-dist/tex/generic/pgf/frontendlayer/tikz/libraries/tikzlibraryarrows.code.tex
File: tikzlibraryarrows.code.tex 2019/04/04 v3.1.2 (3.1.2)
) (/usr/local/texlive/2019/texmf-dist/tex/latex/parskip/parskip.sty
Package: parskip 2019-01-16 v2.0c non-zero parskip adjustments
 (/usr/local/texlive/2019/texmf-dist/tex/latex/oberdiek/kvoptions.sty
Package: kvoptions 2016/05/16 v3.12 Key value format for package options (HO)
 (/usr/local/texlive/2019/texmf-dist/tex/generic/oberdiek/ltxcmds.sty
Package: ltxcmds 2016/05/16 v1.23 LaTeX kernel commands for general use (HO)
) (/usr/local/texlive/2019/texmf-dist/tex/generic/oberdiek/kvsetkeys.sty
Package: kvsetkeys 2016/05/16 v1.17 Key value parser (HO)
 (/usr/local/texlive/2019/texmf-dist/tex/generic/oberdiek/infwarerr.sty
Package: infwarerr 2016/05/16 v1.4 Providing info/warning/error messages (HO)
) (/usr/local/texlive/2019/texmf-dist/tex/generic/oberdiek/etexcmds.sty
Package: etexcmds 2016/05/16 v1.6 Avoid name clashes with e-TeX commands (HO)
 (/usr/local/texlive/2019/texmf-dist/tex/generic/oberdiek/ifluatex.sty
Package: ifluatex 2016/05/16 v1.4 Provides the ifluatex switch (HO)
Package ifluatex Info: LuaTeX not detected.
)))) (/usr/local/texlive/2019/texmf-dist/tex/latex/etoolbox/etoolbox.sty
Package: etoolbox 2018/08/19 v2.5f e-TeX tools for LaTeX (JAW)
\etb@tempcnta=\count316
)) (/usr/local/texlive/2019/texmf-dist/tex/latex/fancyhdr/fancyhdr.sty
Package: fancyhdr 2019/01/31 v3.10 Extensive control of page headers and footers
\f@nch@headwidth=\skip61
\f@nch@O@elh=\skip62
\f@nch@O@erh=\skip63
\f@nch@O@olh=\skip64
\f@nch@O@orh=\skip65
\f@nch@O@elf=\skip66
\f@nch@O@erf=\skip67
\f@nch@O@olf=\skip68
\f@nch@O@orf=\skip69
) (/usr/local/texlive/2019/texmf-dist/tex/latex/vmargin/vmargin.sty
Package: vmargin 2004/07/15 V2.5 set document margins (VK)

Package: vmargin 2004/07/15 V2.5 set document margins (VK)
\PaperWidth=\dimen298
\PaperHeight=\dimen299
) (/Users/manueldieguez/Google Drive/Instituto Tecnologico de Buenos Aires/Teoria de Circuitos/Trabajos Practicos/TP01/Ejercicio 1/Informe/informe_ej1.aux
LaTeX Info: Redefining \. on input line 6.
LaTeX Info: Redefining \% on input line 6.
)
\openout1 = `informe_ej1.aux'.

LaTeX Font Info:    Checking defaults for OML/cmm/m/it on input line 24.
LaTeX Font Info:    ... okay on input line 24.
LaTeX Font Info:    Checking defaults for T1/cmr/m/n on input line 24.
LaTeX Font Info:    ... okay on input line 24.
LaTeX Font Info:    Checking defaults for OT1/cmr/m/n on input line 24.
LaTeX Font Info:    ... okay on input line 24.
LaTeX Font Info:    Checking defaults for OMS/cmsy/m/n on input line 24.
LaTeX Font Info:    ... okay on input line 24.
LaTeX Font Info:    Checking defaults for OMX/cmex/m/n on input line 24.
LaTeX Font Info:    ... okay on input line 24.
LaTeX Font Info:    Checking defaults for U/cmr/m/n on input line 24.
LaTeX Font Info:    ... okay on input line 24.
LaTeX Font Info:    Checking defaults for TS1/cmr/m/n on input line 24.
LaTeX Font Info:    Try loading font information for TS1+cmr on input line 24.
 (/usr/local/texlive/2019/texmf-dist/tex/latex/base/ts1cmr.fd
File: ts1cmr.fd 2014/09/29 v2.5h Standard LaTeX font definitions
)
LaTeX Font Info:    ... okay on input line 24.
 ABD: EveryShipout initializing macros (/usr/local/texlive/2019/texmf-dist/tex/context/base/mkii/supp-pdf.mkii
[Loading MPS to PDF converter (version 2006.09.02).]
\scratchcounter=\count317
\scratchdimen=\dimen300
\scratchbox=\box69
\nofMPsegments=\count318
\nofMParguments=\count319
\everyMPshowfont=\toks43
\MPscratchCnt=\count320
\MPscratchDim=\dimen301
\MPnumerator=\count321
\makeMPintoPDFobject=\count322
\everyMPtoPDFconversion=\toks44
) (/usr/local/texlive/2019/texmf-dist/tex/latex/oberdiek/epstopdf-base.sty
Package: epstopdf-base 2016/05/15 v2.6 Base part for package epstopdf
 (/usr/local/texlive/2019/texmf-dist/tex/latex/oberdiek/grfext.sty
Package: grfext 2016/05/16 v1.2 Manage graphics extensions (HO)
 (/usr/local/texlive/2019/texmf-dist/tex/generic/oberdiek/kvdefinekeys.sty
Package: kvdefinekeys 2016/05/16 v1.4 Define keys (HO)
)) (/usr/local/texlive/2019/texmf-dist/tex/generic/oberdiek/pdftexcmds.sty
Package: pdftexcmds 2018/09/10 v0.29 Utility functions of pdfTeX for LuaTeX (HO)
Package pdftexcmds Info: LuaTeX not detected.
Package pdftexcmds Info: \pdf@primitive is available.
Package pdftexcmds Info: \pdf@ifprimitive is available.
Package pdftexcmds Info: \pdfdraftmode found.
)
Package epstopdf-base Info: Redefining graphics rule for `.eps' on input line 438.
Package grfext Info: Graphics extension search list:
(grfext)             [.pdf,.png,.jpg,.mps,.jpeg,.jbig2,.jb2,.PDF,.PNG,.JPG,.JPEG,.JBIG2,.JB2,.eps]
(grfext)             \AppendGraphicsExtensions on input line 456.
 (/usr/local/texlive/2019/texmf-dist/tex/latex/latexconfig/epstopdf-sys.cfg
File: epstopdf-sys.cfg 2010/07/13 v1.3 Configuration of (r)epstopdf for TeX Live
)) (/usr/local/texlive/2019/texmf-dist/tex/latex/translator/translator-basic-dictionary-English.dict
Dictionary: translator-basic-dictionary, Language: English 
) (/usr/local/texlive/2019/texmf-dist/tex/latex/siunitx/siunitx-abbreviations.cfg
File: siunitx-abbreviations.cfg 2017/11/26 v2.7k siunitx: Abbreviated units
)
Package pgfplots notification 'compat/show suggested version=true': you might benefit from \pgfplotsset{compat=1.16} (current compat level: 1.15).

*geometry* driver: auto-detecting
*geometry* detected driver: pdftex
*geometry* verbose mode - [ preamble ] result:
* driver: pdftex
* paper: a4paper
* layout: <same size as paper>
* layoutoffset:(h,v)=(0.0pt,0.0pt)
* modes: 
* h-part:(L,W,R)=(36.135pt, 525.23788pt, 36.135pt)
* v-part:(T,H,B)=(36.135pt, 772.77686pt, 36.135pt)
* \paperwidth=598.14806pt
* \paperheight=845.90042pt
* \textwidth=427.43153pt
* \textheight=589.82567pt
* \oddsidemargin=85.35826pt
* \evensidemargin=85.35826pt
* \topmargin=71.13188pt
* \headheight=28.45274pt
* \headsep=42.67912pt
* \topskip=12.0pt
* \footskip=42.67912pt
* \marginparwidth=35.0pt
* \marginparsep=10.0pt
* \columnsep=10.0pt
* \skip\footins=10.8pt plus 4.0pt minus 2.0pt
* \hoffset=-72.26999pt
* \voffset=-72.26999pt
* \mag=1000
* \@twocolumnfalse
* \@twosidefalse
* \@mparswitchfalse
* \@reversemarginfalse
* (1in=72.27pt=25.4mm, 1cm=28.453pt)

LaTeX Info: Redefining \. on input line 24.
LaTeX Info: Redefining \% on input line 24.

Package todonotes Warning: The length marginparwidth is less than 2cm and will most likely cause issues with the appearance of inserted todonotes. The issue can be solved by adding a line like \setlength {\marginparwidth }{2cm} prior to loading the todonotes package. on input line 24.

<circuito_1.png, id=29, 927.465pt x 493.845pt>
File: circuito_1.png Graphic file (type png)
<use circuito_1.png>
Package pdftex.def Info: circuito_1.png  used on input line 30.
(pdftex.def)             Requested size: 341.94652pt x 182.07927pt.
[1

{/usr/local/texlive/2019/texmf-var/fonts/map/pdftex/updmap/pdftex.map} </Users/manueldieguez/Google Drive/Instituto Tecnologico de Buenos Aires/Teoria de Circuitos/Trabajos Practicos/TP01/Ejercicio 1/Informe/circuito_1.png>]
<bode_ltspice_teorico.png, id=42, 3817.26125pt x 1732.4725pt>
File: bode_ltspice_teorico.png Graphic file (type png)
<use bode_ltspice_teorico.png>
Package pdftex.def Info: bode_ltspice_teorico.png  used on input line 72.
(pdftex.def)             Requested size: 341.94652pt x 155.1756pt.

Underfull \hbox (badness 10000) in paragraph at lines 98--99

 []

[2 </Users/manueldieguez/Google Drive/Instituto Tecnologico de Buenos Aires/Teoria de Circuitos/Trabajos Practicos/TP01/Ejercicio 1/Informe/bode_ltspice_teorico.png>]
Underfull \hbox (badness 10000) in paragraph at lines 108--109

 []

[3] (/Users/manueldieguez/Google Drive/Instituto Tecnologico de Buenos Aires/Teoria de Circuitos/Trabajos Practicos/TP01/Ejercicio 1/Informe/informe_ej1.aux
LaTeX Info: Redefining \. on input line 6.
LaTeX Info: Redefining \% on input line 6.
) ) 
Here is how much of TeX's memory you used:
 44166 strings out of 492616
 1094903 string characters out of 6129482
 1287114 words of memory out of 5000000
 47535 multiletter control sequences out of 15000+600000
 538678 words of font info for 47 fonts, out of 8000000 for 9000
 1141 hyphenation exceptions out of 8191
 69i,6n,119p,957b,609s stack positions out of 5000i,500n,10000p,200000b,80000s
</usr/local/texlive/2019/texmf-dist/fonts/type1/public/amsfonts/cm/cmbx12.pfb></usr/local/texlive/2019/texmf-dist/fonts/type1/public/amsfonts/cm/cmmi12.pfb></usr/local/texlive/2019/texmf-dist/fonts/type1/public/amsfonts/cm/cmmi8.pfb></usr/local/texlive/2019/texmf-dist/fonts/type1/public/amsfonts/cm/cmr12.pfb></usr/local/texlive/2019/texmf-dist/fonts/type1/public/amsfonts/cm/cmr6.pfb></usr/local/texlive/2019/texmf-dist/fonts/type1/public/amsfonts/cm/cmr8.pfb></usr/local/texlive/2019/texmf-dist/fonts/type1/public/amsfonts/cm/cmsy10.pfb></usr/local/texlive/2019/texmf-dist/fonts/type1/public/amsfonts/cm/cmsy8.pfb>
Output written on "/Users/manueldieguez/Google Drive/Instituto Tecnologico de Buenos Aires/Teoria de Circuitos/Trabajos Practicos/TP01/Ejercicio 1/Informe/informe_ej1.pdf" (3 pages, 233343 bytes).
PDF statistics:
 78 PDF objects out of 1000 (max. 8388607)
 44 compressed objects within 1 object stream
 0 named destinations out of 1000 (max. 500000)
 119 words of extra memory for PDF output out of 10000 (max. 10000000)

